mode: atomic
github.com/A-pen-app/feed-sdk/model/feed.go:18.26,19.42 1 5
github.com/A-pen-app/feed-sdk/model/feed.go:19.42,21.3 1 8
github.com/A-pen-app/feed-sdk/model/feed.go:24.39,26.2 1 12
github.com/A-pen-app/feed-sdk/model/feed.go:64.37,66.2 1 68
github.com/A-pen-app/feed-sdk/model/feed.go:68.100,72.35 4 0
github.com/A-pen-app/feed-sdk/model/feed.go:72.35,73.20 1 0
github.com/A-pen-app/feed-sdk/model/feed.go:74.26,75.17 1 0
github.com/A-pen-app/feed-sdk/model/feed.go:76.26,77.26 1 0
github.com/A-pen-app/feed-sdk/model/feed.go:77.26,79.10 2 0
github.com/A-pen-app/feed-sdk/model/feed.go:81.4,82.18 2 0
github.com/A-pen-app/feed-sdk/model/feed.go:82.18,84.10 2 0
github.com/A-pen-app/feed-sdk/model/feed.go:86.4,86.7 1 0
github.com/A-pen-app/feed-sdk/model/feed.go:87.11,88.70 1 0
github.com/A-pen-app/feed-sdk/model/feed.go:91.2,91.30 1 0
github.com/A-pen-app/feed-sdk/model/feed.go:94.104,96.63 1 18
github.com/A-pen-app/feed-sdk/model/feed.go:96.63,99.21 3 17
github.com/A-pen-app/feed-sdk/model/feed.go:100.26,102.18 2 5
github.com/A-pen-app/feed-sdk/model/feed.go:102.18,105.5 2 1
github.com/A-pen-app/feed-sdk/model/feed.go:106.4,106.23 1 4
github.com/A-pen-app/feed-sdk/model/feed.go:106.23,109.5 2 1
github.com/A-pen-app/feed-sdk/model/feed.go:110.4,112.23 3 3
github.com/A-pen-app/feed-sdk/model/feed.go:112.23,114.19 2 0
github.com/A-pen-app/feed-sdk/model/feed.go:114.19,117.6 2 0
github.com/A-pen-app/feed-sdk/model/feed.go:119.4,120.18 2 3
github.com/A-pen-app/feed-sdk/model/feed.go:120.18,123.5 2 1
github.com/A-pen-app/feed-sdk/model/feed.go:124.4,124.21 1 2
github.com/A-pen-app/feed-sdk/model/feed.go:124.21,126.5 1 1
github.com/A-pen-app/feed-sdk/model/feed.go:127.26,129.18 2 3
github.com/A-pen-app/feed-sdk/model/feed.go:129.18,132.5 2 1
github.com/A-pen-app/feed-sdk/model/feed.go:133.4,133.40 1 2
github.com/A-pen-app/feed-sdk/model/feed.go:133.40,135.5 1 1
github.com/A-pen-app/feed-sdk/model/feed.go:136.26,138.18 2 3
github.com/A-pen-app/feed-sdk/model/feed.go:138.18,141.5 2 1
github.com/A-pen-app/feed-sdk/model/feed.go:142.4,142.40 1 2
github.com/A-pen-app/feed-sdk/model/feed.go:142.40,144.5 1 1
github.com/A-pen-app/feed-sdk/model/feed.go:145.26,146.76 1 3
github.com/A-pen-app/feed-sdk/model/feed.go:146.76,149.5 2 1
github.com/A-pen-app/feed-sdk/model/feed.go:149.10,150.46 1 2
github.com/A-pen-app/feed-sdk/model/feed.go:150.46,153.6 1 1
github.com/A-pen-app/feed-sdk/model/feed.go:156.11,157.106 1 3
github.com/A-pen-app/feed-sdk/model/feed.go:159.8,161.3 1 1
github.com/A-pen-app/feed-sdk/model/feed.go:162.2,162.14 1 8
github.com/A-pen-app/feed-sdk/service/feed.go:10.53,14.2 1 51
github.com/A-pen-app/feed-sdk/service/feed.go:26.86,28.22 2 7
github.com/A-pen-app/feed-sdk/service/feed.go:28.22,37.3 1 17
github.com/A-pen-app/feed-sdk/service/feed.go:40.2,43.16 3 7
github.com/A-pen-app/feed-sdk/service/feed.go:43.16,45.3 1 1
github.com/A-pen-app/feed-sdk/service/feed.go:48.2,49.37 2 6
github.com/A-pen-app/feed-sdk/service/feed.go:49.37,51.3 1 5
github.com/A-pen-app/feed-sdk/service/feed.go:54.2,57.34 3 6
github.com/A-pen-app/feed-sdk/service/feed.go:57.34,58.52 1 16
github.com/A-pen-app/feed-sdk/service/feed.go:58.52,61.4 1 5
github.com/A-pen-app/feed-sdk/service/feed.go:61.9,64.4 1 11
github.com/A-pen-app/feed-sdk/service/feed.go:66.2,68.30 2 6
github.com/A-pen-app/feed-sdk/service/feed.go:68.30,69.58 1 5
github.com/A-pen-app/feed-sdk/service/feed.go:69.58,70.31 1 5
github.com/A-pen-app/feed-sdk/service/feed.go:70.31,72.5 1 0
github.com/A-pen-app/feed-sdk/service/feed.go:72.10,74.5 1 5
github.com/A-pen-app/feed-sdk/service/feed.go:77.2,77.19 1 6
github.com/A-pen-app/feed-sdk/service/feed.go:80.97,82.16 2 4
github.com/A-pen-app/feed-sdk/service/feed.go:82.16,84.3 1 1
github.com/A-pen-app/feed-sdk/service/feed.go:85.2,86.42 2 3
github.com/A-pen-app/feed-sdk/service/feed.go:86.42,87.29 1 13
github.com/A-pen-app/feed-sdk/service/feed.go:87.29,88.38 1 7
github.com/A-pen-app/feed-sdk/service/feed.go:88.38,91.13 3 5
github.com/A-pen-app/feed-sdk/service/feed.go:94.3,96.5 1 8
github.com/A-pen-app/feed-sdk/service/feed.go:98.2,98.23 1 3
github.com/A-pen-app/feed-sdk/service/feed.go:101.109,103.2 1 2
github.com/A-pen-app/feed-sdk/service/feed.go:105.71,107.2 1 2
github.com/A-pen-app/feed-sdk/service/feed.go:109.167,111.40 2 30
github.com/A-pen-app/feed-sdk/service/feed.go:111.40,113.3 1 36
github.com/A-pen-app/feed-sdk/service/feed.go:114.2,114.18 1 29
github.com/A-pen-app/feed-sdk/service/feed.go:117.167,118.31 1 42
github.com/A-pen-app/feed-sdk/service/feed.go:118.31,119.68 1 49
github.com/A-pen-app/feed-sdk/service/feed.go:119.68,122.4 2 19
github.com/A-pen-app/feed-sdk/store/feed.go:10.34,11.15 1 13
github.com/A-pen-app/feed-sdk/store/feed.go:11.15,12.45 1 1
github.com/A-pen-app/feed-sdk/store/feed.go:15.2,17.3 1 12
github.com/A-pen-app/feed-sdk/store/feed.go:24.74,40.16 2 4
github.com/A-pen-app/feed-sdk/store/feed.go:40.16,42.3 1 1
github.com/A-pen-app/feed-sdk/store/feed.go:44.2,44.20 1 3
github.com/A-pen-app/feed-sdk/store/feed.go:47.105,75.2 2 4
github.com/A-pen-app/feed-sdk/store/feed.go:77.66,89.2 2 3
