mode: set
github.com/A-pen-app/feed-sdk/service/feed.go:10.53,14.2 1 1
github.com/A-pen-app/feed-sdk/service/feed.go:26.86,28.22 2 1
github.com/A-pen-app/feed-sdk/service/feed.go:28.22,37.3 1 1
github.com/A-pen-app/feed-sdk/service/feed.go:40.2,43.16 3 1
github.com/A-pen-app/feed-sdk/service/feed.go:43.16,45.3 1 1
github.com/A-pen-app/feed-sdk/service/feed.go:48.2,49.37 2 1
github.com/A-pen-app/feed-sdk/service/feed.go:49.37,51.3 1 1
github.com/A-pen-app/feed-sdk/service/feed.go:54.2,57.34 3 1
github.com/A-pen-app/feed-sdk/service/feed.go:57.34,58.52 1 1
github.com/A-pen-app/feed-sdk/service/feed.go:58.52,61.4 1 1
github.com/A-pen-app/feed-sdk/service/feed.go:61.9,64.4 1 1
github.com/A-pen-app/feed-sdk/service/feed.go:66.2,68.30 2 1
github.com/A-pen-app/feed-sdk/service/feed.go:68.30,69.58 1 1
github.com/A-pen-app/feed-sdk/service/feed.go:69.58,70.31 1 1
github.com/A-pen-app/feed-sdk/service/feed.go:70.31,72.5 1 0
github.com/A-pen-app/feed-sdk/service/feed.go:72.10,74.5 1 1
github.com/A-pen-app/feed-sdk/service/feed.go:77.2,77.19 1 1
github.com/A-pen-app/feed-sdk/service/feed.go:80.97,82.16 2 1
github.com/A-pen-app/feed-sdk/service/feed.go:82.16,84.3 1 1
github.com/A-pen-app/feed-sdk/service/feed.go:85.2,86.42 2 1
github.com/A-pen-app/feed-sdk/service/feed.go:86.42,87.29 1 1
github.com/A-pen-app/feed-sdk/service/feed.go:87.29,88.38 1 1
github.com/A-pen-app/feed-sdk/service/feed.go:88.38,91.13 3 1
github.com/A-pen-app/feed-sdk/service/feed.go:94.3,96.5 1 1
github.com/A-pen-app/feed-sdk/service/feed.go:98.2,98.23 1 1
github.com/A-pen-app/feed-sdk/service/feed.go:101.109,103.2 1 1
github.com/A-pen-app/feed-sdk/service/feed.go:105.71,107.2 1 1
github.com/A-pen-app/feed-sdk/service/feed.go:109.167,111.40 2 1
github.com/A-pen-app/feed-sdk/service/feed.go:111.40,113.3 1 1
github.com/A-pen-app/feed-sdk/service/feed.go:114.2,114.18 1 1
github.com/A-pen-app/feed-sdk/service/feed.go:117.167,118.31 1 1
github.com/A-pen-app/feed-sdk/service/feed.go:118.31,119.68 1 1
github.com/A-pen-app/feed-sdk/service/feed.go:119.68,122.4 2 1
github.com/A-pen-app/feed-sdk/model/feed.go:17.26,18.42 1 1
github.com/A-pen-app/feed-sdk/model/feed.go:18.42,20.3 1 1
github.com/A-pen-app/feed-sdk/model/feed.go:23.39,25.2 1 1
github.com/A-pen-app/feed-sdk/model/feed.go:64.37,66.2 1 1
github.com/A-pen-app/feed-sdk/model/feed.go:68.104,70.63 1 1
github.com/A-pen-app/feed-sdk/model/feed.go:70.63,73.33 3 1
github.com/A-pen-app/feed-sdk/model/feed.go:74.17,76.18 2 1
github.com/A-pen-app/feed-sdk/model/feed.go:76.18,79.5 2 1
github.com/A-pen-app/feed-sdk/model/feed.go:80.4,80.23 1 1
github.com/A-pen-app/feed-sdk/model/feed.go:80.23,83.5 2 1
github.com/A-pen-app/feed-sdk/model/feed.go:84.4,85.18 2 1
github.com/A-pen-app/feed-sdk/model/feed.go:85.18,88.5 2 1
github.com/A-pen-app/feed-sdk/model/feed.go:89.4,89.21 1 1
github.com/A-pen-app/feed-sdk/model/feed.go:89.21,91.5 1 1
github.com/A-pen-app/feed-sdk/model/feed.go:92.17,94.18 2 1
github.com/A-pen-app/feed-sdk/model/feed.go:94.18,97.5 2 1
github.com/A-pen-app/feed-sdk/model/feed.go:98.4,98.40 1 1
github.com/A-pen-app/feed-sdk/model/feed.go:98.40,100.5 1 1
github.com/A-pen-app/feed-sdk/model/feed.go:101.17,103.18 2 1
github.com/A-pen-app/feed-sdk/model/feed.go:103.18,106.5 2 1
github.com/A-pen-app/feed-sdk/model/feed.go:107.4,107.40 1 1
github.com/A-pen-app/feed-sdk/model/feed.go:107.40,109.5 1 1
github.com/A-pen-app/feed-sdk/model/feed.go:110.17,111.76 1 1
github.com/A-pen-app/feed-sdk/model/feed.go:111.76,114.5 2 1
github.com/A-pen-app/feed-sdk/model/feed.go:114.10,115.46 1 1
github.com/A-pen-app/feed-sdk/model/feed.go:115.46,118.6 1 1
github.com/A-pen-app/feed-sdk/model/feed.go:121.17,121.17 0 1
github.com/A-pen-app/feed-sdk/model/feed.go:122.17,122.17 0 1
github.com/A-pen-app/feed-sdk/model/feed.go:123.11,124.106 1 1
github.com/A-pen-app/feed-sdk/model/feed.go:126.8,128.3 1 1
github.com/A-pen-app/feed-sdk/model/feed.go:129.2,129.14 1 1
github.com/A-pen-app/feed-sdk/store/feed.go:10.34,11.15 1 1
github.com/A-pen-app/feed-sdk/store/feed.go:11.15,12.45 1 1
github.com/A-pen-app/feed-sdk/store/feed.go:15.2,17.3 1 1
github.com/A-pen-app/feed-sdk/store/feed.go:24.74,40.16 2 1
github.com/A-pen-app/feed-sdk/store/feed.go:40.16,42.3 1 1
github.com/A-pen-app/feed-sdk/store/feed.go:44.2,44.20 1 1
github.com/A-pen-app/feed-sdk/store/feed.go:47.105,75.2 2 1
github.com/A-pen-app/feed-sdk/store/feed.go:77.66,89.2 2 1
